mode: set
github.com/scyanh/crawler/pkg/domain/usecases/crawler.go:15.116,17.34 2 1
github.com/scyanh/crawler/pkg/domain/usecases/crawler.go:17.34,22.3 1 1
github.com/scyanh/crawler/pkg/domain/usecases/crawler.go:23.2,26.3 1 1
github.com/scyanh/crawler/pkg/domain/usecases/crawler.go:29.50,37.32 5 1
github.com/scyanh/crawler/pkg/domain/usecases/crawler.go:37.32,40.3 2 1
github.com/scyanh/crawler/pkg/domain/usecases/crawler.go:42.2,42.46 1 1
github.com/scyanh/crawler/pkg/domain/usecases/crawler.go:45.114,49.38 3 1
github.com/scyanh/crawler/pkg/domain/usecases/crawler.go:49.38,52.3 2 1
github.com/scyanh/crawler/pkg/domain/usecases/crawler.go:54.2,58.12 3 1
github.com/scyanh/crawler/pkg/domain/usecases/crawler.go:58.12,61.3 2 1
github.com/scyanh/crawler/pkg/domain/usecases/crawler.go:63.2,64.20 2 1
github.com/scyanh/crawler/pkg/domain/usecases/worker.go:17.129,20.31 2 1
github.com/scyanh/crawler/pkg/domain/usecases/worker.go:20.31,21.31 1 1
github.com/scyanh/crawler/pkg/domain/usecases/worker.go:21.31,24.18 2 1
github.com/scyanh/crawler/pkg/domain/usecases/worker.go:24.18,26.5 1 0
github.com/scyanh/crawler/pkg/domain/usecases/worker.go:26.10,28.32 1 1
github.com/scyanh/crawler/pkg/domain/usecases/worker.go:28.32,34.6 2 1
github.com/scyanh/crawler/pkg/domain/usecases/worker.go:37.4,41.30 2 1
github.com/scyanh/crawler/pkg/domain/usecases/worker.go:44.3,44.16 1 1
github.com/scyanh/crawler/pkg/domain/usecases/worker.go:48.71,50.16 2 1
github.com/scyanh/crawler/pkg/domain/usecases/worker.go:50.16,52.3 1 0
github.com/scyanh/crawler/pkg/domain/usecases/worker.go:54.2,55.16 2 1
github.com/scyanh/crawler/pkg/domain/usecases/worker.go:55.16,57.3 1 0
github.com/scyanh/crawler/pkg/domain/usecases/worker.go:59.2,61.25 3 1
github.com/scyanh/crawler/pkg/domain/usecases/worker.go:61.25,62.50 1 1
github.com/scyanh/crawler/pkg/domain/usecases/worker.go:62.50,63.29 1 1
github.com/scyanh/crawler/pkg/domain/usecases/worker.go:63.29,64.24 1 1
github.com/scyanh/crawler/pkg/domain/usecases/worker.go:64.24,65.30 1 1
github.com/scyanh/crawler/pkg/domain/usecases/worker.go:65.30,68.7 2 1
github.com/scyanh/crawler/pkg/domain/usecases/worker.go:68.12,70.7 1 0
github.com/scyanh/crawler/pkg/domain/usecases/worker.go:74.3,74.54 1 1
github.com/scyanh/crawler/pkg/domain/usecases/worker.go:74.54,76.4 1 1
github.com/scyanh/crawler/pkg/domain/usecases/worker.go:78.2,79.19 2 1
github.com/scyanh/crawler/pkg/domain/usecases/worker.go:82.47,83.98 1 1
github.com/scyanh/crawler/pkg/domain/usecases/worker.go:83.98,85.3 1 1
github.com/scyanh/crawler/pkg/domain/usecases/worker.go:87.2,87.14 1 0
github.com/scyanh/crawler/pkg/infra/db/repository.go:12.54,16.2 1 1
github.com/scyanh/crawler/pkg/infra/db/repository.go:21.61,25.24 3 1
github.com/scyanh/crawler/pkg/infra/db/repository.go:25.24,27.3 1 1
github.com/scyanh/crawler/pkg/infra/db/repository.go:30.2,31.13 2 1
github.com/scyanh/crawler/pkg/infra/http/http_client.go:14.55,20.2 1 1
github.com/scyanh/crawler/pkg/infra/http/http_client.go:22.66,24.16 2 1
github.com/scyanh/crawler/pkg/infra/http/http_client.go:24.16,26.3 1 1
github.com/scyanh/crawler/pkg/infra/http/http_client.go:27.2,29.38 2 1
github.com/scyanh/crawler/pkg/infra/http/http_client.go:29.38,31.3 1 1
github.com/scyanh/crawler/pkg/infra/http/http_client.go:33.2,34.16 2 1
github.com/scyanh/crawler/pkg/infra/http/http_client.go:34.16,36.3 1 0
github.com/scyanh/crawler/pkg/infra/http/http_client.go:38.2,38.31 1 1
